<?xml version="1.0" encoding="UTF-8"?>
<!-- Generated by org.testng.reporters.JUnitReportReporter -->
<testsuite hostname="DESKTOP-3R73L8V" failures="0" tests="10" name="testCases.TC_AddVideoGameDDT" time="3.317" errors="0" timestamp="28 Oct 2019 09:27:26 GMT" skipped="0">
  <testcase classname="testCases.TC_AddVideoGameDDT" name="test_addNewVideoGame" time="0.042"/>
  <testcase classname="testCases.TC_AddVideoGameDDT" name="test_addNewVideoGame" time="2.179"/>
  <testcase classname="testCases.TC_AddVideoGameDDT" name="test_addNewVideoGame" time="0.058"/>
  <testcase classname="testCases.TC_AddVideoGameDDT" name="test_addNewVideoGame" time="0.057"/>
  <testcase classname="testCases.TC_AddVideoGameDDT" name="test_addNewVideoGame" time="0.065"/>
  <testcase classname="testCases.TC_AddVideoGameDDT" name="test_getVideoGame" time="0.091"/>
  <testcase classname="testCases.TC_AddVideoGameDDT" name="test_getVideoGame" time="0.552"/>
  <testcase classname="testCases.TC_AddVideoGameDDT" name="test_getVideoGame" time="0.083"/>
  <testcase classname="testCases.TC_AddVideoGameDDT" name="test_getVideoGame" time="0.072"/>
  <testcase classname="testCases.TC_AddVideoGameDDT" name="test_getVideoGame" time="0.118"/>
</testsuite> <!-- testCases.TC_AddVideoGameDDT -->
